<?xml version="1.0" encoding="UTF-8"?>
<!-- Generated by org.testng.reporters.JUnitXMLReporter -->
<testsuite hostname="DESKTOP-EGNFGFO" ignored="0" name="Default test" tests="3" failures="0" timestamp="03 Sep 2022 14:48:06 GMT" time="0.04" errors="0">
  <testcase name="validateTeamToHave11Members" time="0.01" classname="com.rcbteam.runners.TC_000_ValidateTeamMembers"/>
  <testcase name="validateTeamToHave11Members" time="0.002" classname="com.rcbteam.runners.TC_000_ValidateTeamMembers"/>
  <testcase name="validateTeamToHaveOnly4Foreigners" time="0.001" classname="com.rcbteam.runners.TC_001_ValidateForeignPlayersInTeam"/>
</testsuite> <!-- Default test -->
