<?xml version="1.0" encoding="UTF-8"?>
<!-- Generated by org.testng.reporters.JUnitXMLReporter -->
<testsuite hostname="DESKTOP-EGNFGFO" ignored="0" name="ValidateAtleastOneWicketKeeper" tests="2" failures="0" timestamp="03 Sep 2022 17:31:48 GMT" time="0.04" errors="0">
  <testcase name="validateTeamToHave11Members" time="0.013" classname="com.rcbteam.runners.TC_000_ValidateTeamMembers"/>
  <testcase name="validateTeamAtlease1WicketKeeper" time="0.001" classname="com.rcbteam.runners.TC_002_ValidateWicketKeeper"/>
</testsuite> <!-- ValidateAtleastOneWicketKeeper -->
