<?xml version="1.0" encoding="UTF-8"?>
<!-- Generated by org.testng.reporters.JUnitXMLReporter -->
<testsuite hostname="DESKTOP-EGNFGFO" ignored="0" name="Validate4ForeignPlayers" tests="2" failures="0" timestamp="03 Sep 2022 17:31:48 GMT" time="0.041" errors="0">
  <testcase name="validateTeamToHave11Members" time="0.013" classname="com.rcbteam.runners.TC_000_ValidateTeamMembers"/>
  <testcase name="validateTeamToHaveOnly4Foreigners" time="0.001" classname="com.rcbteam.runners.TC_001_ValidateForeignPlayersInTeam"/>
</testsuite> <!-- Validate4ForeignPlayers -->
