<?xml version="1.0" encoding="UTF-8"?>
<testsuite xmlns:xsi="http://www.w3.org/2001/XMLSchema-instance" xsi:noNamespaceSchemaLocation="https://maven.apache.org/surefire/maven-surefire-plugin/xsd/surefire-test-report.xsd" name="TestSuite" time="1.403" tests="4" errors="0" skipped="0" failures="0">
  <properties>
[...]
</properties>
  <testcase name="validateTeamToHave11Members" classname="com.rcbteam.runners.TC_001_ValidateForeignPlayersInTeam" time="0.017"/>
  <testcase name="validateTeamToHave11Members" classname="com.rcbteam.runners.TC_002_ValidateWicketKeeper" time="0.037"/>
  <testcase name="validateTeamAtlease1WicketKeeper" classname="com.rcbteam.runners.TC_002_ValidateWicketKeeper" time="0.003"/>
  <testcase name="validateTeamToHaveOnly4Foreigners" classname="com.rcbteam.runners.TC_001_ValidateForeignPlayersInTeam" time="0.004"/>
</testsuite>