<?xml version="1.0" encoding="UTF-8"?>
<testng-results skipped="0" failed="0" ignored="0" total="1" passed="1">
  <reporter-output>
  </reporter-output>
  <suite name="Default suite" duration-ms="31" started-at="2022-09-03T15:16:13Z" finished-at="2022-09-03T15:16:13Z">
    <groups>
    </groups>
    <test name="Default test" duration-ms="31" started-at="2022-09-03T15:16:13Z" finished-at="2022-09-03T15:16:13Z">
      <class name="com.rcbteam.runners.TC_000_ValidateTeamMembers">
        <test-method status="PASS" signature="validateTeamToHave11Members()[pri:0, instance:com.rcbteam.runners.TC_000_ValidateTeamMembers@7219ec67]" name="validateTeamToHave11Members" duration-ms="10" started-at="2022-09-03T15:16:13Z" finished-at="2022-09-03T15:16:13Z">
          <reporter-output>
          </reporter-output>
        </test-method> <!-- validateTeamToHave11Members -->
      </class> <!-- com.rcbteam.runners.TC_000_ValidateTeamMembers -->
    </test> <!-- Default test -->
  </suite> <!-- Default suite -->
</testng-results>
